[UTIL]   running in SA mode (no --phy-test, --do-ra, --nsa option present)
[0m[UTIL]   threadCreate() for Tpool0_-1: creating thread with affinity ffffffff, priority 97
[0m[UTIL]   threadCreate() for Tpool1_-1: creating thread with affinity ffffffff, priority 97
[0m[UTIL]   threadCreate() for Tpool2_-1: creating thread with affinity ffffffff, priority 97
[0m[UTIL]   threadCreate() for Tpool3_-1: creating thread with affinity ffffffff, priority 97
[0m[UTIL]   threadCreate() for Tpool4_-1: creating thread with affinity ffffffff, priority 97
[0m[UTIL]   threadCreate() for Tpool5_-1: creating thread with affinity ffffffff, priority 97
[0m[UTIL]   threadCreate() for Tpool6_-1: creating thread with affinity ffffffff, priority 97
[0m[UTIL]   threadCreate() for Tpool7_-1: creating thread with affinity ffffffff, priority 97
[0m[OPT]   OPT disabled
[0m[HW]   Version: Branch: develop Abrev. Hash: 82fb9fcc7c Date: Tue Mar 18 15:21:56 2025 +0000
[0m[UTIL]   Opened socket oaitun_ue1 with fd nas_sock_fd[0]=93
[0m[PDCP]   UE pdcp will use tun interface
[0m[SIM]   UICC simulation: IMSI=2089900007487, IMEISV=6754567890123413, Ki=fec86ba6eb707ed08905757b1bb44b8f, OPc=C42449363BBAD02B66D16BC975D77CC1, DNN=oai, SST=0x01, SD=0x000001
[0m[NR_MAC]   [UE0] Initializing MAC
[0m[NR_MAC]   Initializing dl and ul config_request. num_slots = 10
[0m[RLC]   Activated srb0 for UE 0
[0m[93m[RLC]   SRB0 already exists for UE 0, do nothing
[0m[PHY]   Set UE_fo_compensation 0, UE_scan_carrier 0, UE_no_timing_correction 0 
, chest-freq 0, chest-time 0
[0m[PHY]   Set UE nb_rx_antenna 1, nb_tx_antenna 1, threequarter_fs 0, ssb_start_subcarrier 60
[0m[PHY]   SA init parameters. DL freq 2488400000 UL offset -873500000 SSB numerology 0 N_RB_DL 25
[0m[PHY]   Init: N_RB_DL 25, first_carrier_offset 362, nb_prefix_samples 36,nb_prefix_samples0 40, ofdm_symbol_size 512
[0m[93m[PHY]   samples_per_subframe 7680/per second 7680000, wCP 7168
[0m[UTIL]   threadCreate() for SYNC__actor: creating thread with affinity ffffffff, priority 97
[0m[UTIL]   threadCreate() for DL__actor: creating thread with affinity ffffffff, priority 97
[0m[UTIL]   threadCreate() for DL__actor: creating thread with affinity ffffffff, priority 97
[0m[UTIL]   threadCreate() for DL__actor: creating thread with affinity ffffffff, priority 97
[0m[UTIL]   threadCreate() for DL__actor: creating thread with affinity ffffffff, priority 97
[0m[UTIL]   threadCreate() for UL__actor: creating thread with affinity ffffffff, priority 97
[0m[PHY]   Initializing UE vars for gNB TXant 1, UE RXant 1
[0m[PHY]   prs_config configuration NOT found..!! Skipped configuring UE for the PRS reception
[0m[PHY]   HW: Configuring card 0, sample_rate 7680000.000000, tx/rx num_channels 1/1, duplex_mode FDD
[0m[PHY]   HW: Configuring channel 0 (rf_chain 0): setting tx_freq 1614900000 Hz, rx_freq 2488400000 Hz, tune_offset 0
[0m[PHY]   HW: Configuring channel 0 (rf_chain 0): setting tx_gain 0, rx_gain 110
[0m[PHY]   HW: Configuring card 1, sample_rate 7680000.000000, tx/rx num_channels 1/1, duplex_mode FDD
[0m[PHY]   HW: Configuring channel 0 (rf_chain 0): setting tx_freq 1614900000 Hz, rx_freq 2488400000 Hz, tune_offset 0
[0m[PHY]   HW: Configuring channel 0 (rf_chain 0): setting tx_gain 0, rx_gain 110
[0m[PHY]   HW: Configuring card 2, sample_rate 7680000.000000, tx/rx num_channels 1/1, duplex_mode FDD
[0m[PHY]   HW: Configuring channel 0 (rf_chain 0): setting tx_freq 1614900000 Hz, rx_freq 2488400000 Hz, tune_offset 0
[0m[PHY]   HW: Configuring channel 0 (rf_chain 0): setting tx_gain 0, rx_gain 110
[0m[PHY]   HW: Configuring card 3, sample_rate 7680000.000000, tx/rx num_channels 1/1, duplex_mode FDD
[0m[PHY]   HW: Configuring channel 0 (rf_chain 0): setting tx_freq 1614900000 Hz, rx_freq 2488400000 Hz, tune_offset 0
[0m[PHY]   HW: Configuring channel 0 (rf_chain 0): setting tx_gain 0, rx_gain 110
[0m[PHY]   HW: Configuring card 4, sample_rate 7680000.000000, tx/rx num_channels 1/1, duplex_mode FDD
[0m[PHY]   HW: Configuring channel 0 (rf_chain 0): setting tx_freq 1614900000 Hz, rx_freq 2488400000 Hz, tune_offset 0
[0m[PHY]   HW: Configuring channel 0 (rf_chain 0): setting tx_gain 0, rx_gain 110
[0m[PHY]   HW: Configuring card 5, sample_rate 7680000.000000, tx/rx num_channels 1/1, duplex_mode FDD
[0m[PHY]   HW: Configuring channel 0 (rf_chain 0): setting tx_freq 1614900000 Hz, rx_freq 2488400000 Hz, tune_offset 0
[0m[PHY]   HW: Configuring channel 0 (rf_chain 0): setting tx_gain 0, rx_gain 110
[0m[PHY]   HW: Configuring card 6, sample_rate 7680000.000000, tx/rx num_channels 1/1, duplex_mode FDD
[0m[PHY]   HW: Configuring channel 0 (rf_chain 0): setting tx_freq 1614900000 Hz, rx_freq 2488400000 Hz, tune_offset 0
[0m[PHY]   HW: Configuring channel 0 (rf_chain 0): setting tx_gain 0, rx_gain 110
[0m[PHY]   HW: Configuring card 7, sample_rate 7680000.000000, tx/rx num_channels 1/1, duplex_mode FDD
[0m[PHY]   HW: Configuring channel 0 (rf_chain 0): setting tx_freq 1614900000 Hz, rx_freq 2488400000 Hz, tune_offset 0
[0m[PHY]   HW: Configuring channel 0 (rf_chain 0): setting tx_gain 0, rx_gain 110
[0m[PHY]   Intializing UE Threads for instance 0 ...
[0m[UTIL]   threadCreate() for UEthread_0: creating thread with affinity ffffffff, priority 97
[0m[UTIL]   threadCreate() for L1_UE_stats_0: creating thread with affinity ffffffff, priority 1
[0m[HW]   CirSize = 2294324
[0m[HW]   propagation delay 238.740104 ms, 1833524 samples
[0m[HW]   Running as client: will connect to a rfsimulator server side
[0m[NR_RRC]   create TASK_RRC_NRUE 
[0m[UTIL]   threadCreate() for TASK_RRC_NRUE: creating thread with affinity ffffffff, priority 50
[0m[HW]   [RRU] has loaded RFSIMULATOR device.
[0m[HW]   Trying to connect to 127.0.0.1:4043
[0m[HW]   Connection to 127.0.0.1:4043 established
[0m[UTIL]   threadCreate() for TASK_NAS_NRUE: creating thread with affinity ffffffff, priority 50
[0m[93m[PHY]   SSB position provided
[0m[93m[NR_PHY]   Starting sync detection
[0m[PHY]   [UE thread Synch] Running Initial Synch 
[0m[NR_PHY]   Starting cell search with center freq: 2488400000, bandwidth: 25. Scanning for 1 number of GSCN.
[0m[NR_PHY]   Scanning GSCN: 0, with SSB offset: 60, SSB Freq: 0.000000
[0m[PHY]   Initial sync: pbch decoded sucessfully, ssb index 0
[0m[PHY]   pbch rx ok. rsrp:51 dB/RE, adjust_rxgain:-1 dB
[0m[NR_PHY]   Cell Detected with GSCN: 0, SSB SC offset: 60, SSB Ref: 0.000000, PSS Corr peak: 90 dB, PSS Corr Average: 60
[0m[PHY]   [UE0] In synch, rx_offset 51764 samples
[0m[PHY]   [UE 0] Measured Carrier Frequency offset -3 Hz
[0m[32m[PHY]   Initial sync successful, PCI: 0
[0m[PHY]   HW: Configuring channel 0 (rf_chain 0): setting tx_freq 1614899998 Hz, rx_freq 2488399997 Hz, tune_offset 0
[0m[PHY]   Got synch: hw_slot_offset 13, carrier off -3 Hz, rxgain 0.000000 (DL 2488399997.000000 Hz, UL 1614899998.053086 Hz)
[0m[32m[PHY]   UE synchronized! decoded_frame_rx=784 UE->init_sync_frame=1 trashed_frames=10
[0m[PHY]   Resynchronizing RX by 51764 samples
[0m[HW]   received write reorder clear context
[0m[32m[NR_RRC]   SIB1 decoded
[0m[PHY]   N_TA_offset changed from 0 to 100
[0m[NR_RRC]   [UE 0] Decoding SI
[0m[NR_RRC]   Found SIB19
[0m[MAC]   Initialization of 4-Step CBRA procedure
[0m[NR_MAC]   PRACH scheduler: Selected RO Frame 801, Slot 9, Symbol 0, Fdm 0
[0m[PHY]   cell_specific_k_offset = 478 ms, ntn_total_time_advance_ms = 477.479160 ms (3667039 samples)
[0m[PHY]   PRACH [UE 0] in frame.slot 801.9, placing PRACH in position 8702, Msg1/MsgA-Preamble frequency start 0 (k1 0), preamble_offset 0, first_nonzero_root_idx 0, preambleIndex = 3
[0m[93m[MAC]   [UE 0] RAR reception failed
[0m[NR_MAC]   PRACH scheduler: Selected RO Frame 905, Slot 9, Symbol 0, Fdm 0
[0m[PHY]   PRACH [UE 0] in frame.slot 905.9, placing PRACH in position 8702, Msg1/MsgA-Preamble frequency start 0 (k1 0), preamble_offset 1, first_nonzero_root_idx 0, preambleIndex = 9
[0m[PHY]   RAR-Msg2 decoded
[0m[NR_MAC]   [UE 0][RAPROC][RA-RNTI 007f] Got BI RAR subPDU 5 ms
[0m[NR_MAC]   [UE 0][RAPROC][RA-RNTI 007f] Got RAPID RAR subPDU
[0m[32m[NR_MAC]   [UE 0][RAPROC][906.7] Found RAR with the intended RAPID 9
[0m[93m[MAC]   received TA command 34
[0m[32m[NR_MAC]   [RAPROC][955.3] RA-Msg3 transmitted
[0m[32m[MAC]   [UE 0][956.8][RAPROC] 4-Step RA procedure succeeded. CBRA: Contention Resolution is successful.
[0m[NR_RRC]   [UE0][RAPROC] Logical Channel DL-CCCH (SRB0), Received NR_RRCSetup
[0m[RLC]   Added srb 1 to UE 0
[0m[NR_RRC]   State = NR_RRC_CONNECTED
[0m[NAS]   Generate Initial NAS Message: Registration Request
[0m[MAC]   [UE 0] Applying CellGroupConfig from gNodeB
[0m[NR_RRC]   [UE 0][RAPROC] Logical Channel UL-DCCH (SRB1), Generating RRCSetupComplete (bytes32)
[0m[NAS]   [UE 0] Received NR_NAS_CONN_ESTABLISH_IND: asCause 0
[0m[NR_MAC]   UE 0 stats sfn: 0.0, cumulated bad DCI 0
    DL harq: 1/0
    Ul harq: 3/0 avg code rate 0.6, avg bit/symbol 2.0, avg per TB: (nb RBs 6.0, nb symbols 13.0)
[0m[NR_MAC]   [80.1] Received TA_COMMAND 30 TAGID 0 CC_id 0 
[0m[NR_MAC]   UE 0 stats sfn: 128.0, cumulated bad DCI 0
    DL harq: 7/0
    Ul harq: 17/0 avg code rate 0.7, avg bit/symbol 2.0, avg per TB: (nb RBs 5.2, nb symbols 13.0)
[0m[NR_MAC]   [180.1] Received TA_COMMAND 30 TAGID 0 CC_id 0 
[0m[NR_MAC]   UE 0 stats sfn: 256.0, cumulated bad DCI 0
    DL harq: 8/0
    Ul harq: 33/0 avg code rate 0.7, avg bit/symbol 2.0, avg per TB: (nb RBs 5.1, nb symbols 13.0)
[0m[93m[NR_MAC]   NDI indicates re-transmission but computed TBS 888 doesn't match with what previously stored 1608
[0m[NR_MAC]   [280.1] Received TA_COMMAND 30 TAGID 0 CC_id 0 
[0m[NR_MAC]   [380.1] Received TA_COMMAND 30 TAGID 0 CC_id 0 
[0m[NR_MAC]   UE 0 stats sfn: 384.0, cumulated bad DCI 0
    DL harq: 9/1
    Ul harq: 48/0 avg code rate 0.7, avg bit/symbol 2.0, avg per TB: (nb RBs 5.1, nb symbols 13.0)
[0m[NR_MAC]   [480.1] Received TA_COMMAND 30 TAGID 0 CC_id 0 
[0m[NR_MAC]   UE 0 stats sfn: 512.0, cumulated bad DCI 0
    DL harq: 10/1
    Ul harq: 60/0 avg code rate 0.7, avg bit/symbol 2.0, avg per TB: (nb RBs 5.1, nb symbols 13.0)
[0m[NR_MAC]   [580.1] Received TA_COMMAND 30 TAGID 0 CC_id 0 
[0m[NR_MAC]   UE 0 stats sfn: 640.0, cumulated bad DCI 0
    DL harq: 11/1
    Ul harq: 74/0 avg code rate 0.7, avg bit/symbol 2.0, avg per TB: (nb RBs 5.0, nb symbols 13.0)
[0m[NR_MAC]   UE 0 stats sfn: 768.0, cumulated bad DCI 0
    DL harq: 12/1
    Ul harq: 87/0 avg code rate 0.7, avg bit/symbol 2.0, avg per TB: (nb RBs 5.0, nb symbols 13.0)
[0m[NR_MAC]   UE 0 stats sfn: 896.0, cumulated bad DCI 0
    DL harq: 14/1
    Ul harq: 100/0 avg code rate 0.7, avg bit/symbol 2.0, avg per TB: (nb RBs 5.0, nb symbols 13.0)
[0m[NR_MAC]   UE 0 stats sfn: 0.0, cumulated bad DCI 0
    DL harq: 15/1
    Ul harq: 113/0 avg code rate 0.7, avg bit/symbol 2.0, avg per TB: (nb RBs 5.0, nb symbols 13.0)
[0m[NR_MAC]   UE 0 stats sfn: 128.0, cumulated bad DCI 0
    DL harq: 16/1
    Ul harq: 125/0 avg code rate 0.7, avg bit/symbol 2.0, avg per TB: (nb RBs 5.0, nb symbols 13.0)
[0m[NR_MAC]   UE 0 stats sfn: 256.0, cumulated bad DCI 0
    DL harq: 17/1
    Ul harq: 138/0 avg code rate 0.7, avg bit/symbol 2.0, avg per TB: (nb RBs 5.0, nb symbols 13.0)
[0m[NR_MAC]   UE 0 stats sfn: 384.0, cumulated bad DCI 0
    DL harq: 19/1
    Ul harq: 152/0 avg code rate 0.7, avg bit/symbol 2.0, avg per TB: (nb RBs 5.0, nb symbols 13.0)
[0m[NR_MAC]   UE 0 stats sfn: 512.0, cumulated bad DCI 0
    DL harq: 20/1
    Ul harq: 165/0 avg code rate 0.7, avg bit/symbol 2.0, avg per TB: (nb RBs 5.0, nb symbols 13.0)
[0m[NR_MAC]   UE 0 stats sfn: 640.0, cumulated bad DCI 0
    DL harq: 21/1
    Ul harq: 179/0 avg code rate 0.7, avg bit/symbol 2.0, avg per TB: (nb RBs 5.0, nb symbols 13.0)
[0m[NR_MAC]   UE 0 stats sfn: 768.0, cumulated bad DCI 0
    DL harq: 23/1
    Ul harq: 191/0 avg code rate 0.7, avg bit/symbol 2.0, avg per TB: (nb RBs 5.0, nb symbols 13.0)
[0m[NR_MAC]   UE 0 stats sfn: 896.0, cumulated bad DCI 0
    DL harq: 24/1
    Ul harq: 204/0 avg code rate 0.7, avg bit/symbol 2.0, avg per TB: (nb RBs 5.0, nb symbols 13.0)
[0m[NR_MAC]   UE 0 stats sfn: 0.0, cumulated bad DCI 0
    DL harq: 25/1
    Ul harq: 217/0 avg code rate 0.7, avg bit/symbol 2.0, avg per TB: (nb RBs 5.0, nb symbols 13.0)
[0m[NR_MAC]   UE 0 stats sfn: 128.0, cumulated bad DCI 0
    DL harq: 26/1
    Ul harq: 230/0 avg code rate 0.7, avg bit/symbol 2.0, avg per TB: (nb RBs 5.0, nb symbols 13.0)
[0m[NR_MAC]   UE 0 stats sfn: 256.0, cumulated bad DCI 0
    DL harq: 28/1
    Ul harq: 243/0 avg code rate 0.7, avg bit/symbol 2.0, avg per TB: (nb RBs 5.0, nb symbols 13.0)
[0m[NR_MAC]   UE 0 stats sfn: 384.0, cumulated bad DCI 0
    DL harq: 29/1
    Ul harq: 255/0 avg code rate 0.7, avg bit/symbol 2.0, avg per TB: (nb RBs 5.0, nb symbols 13.0)
[0m[NR_MAC]   UE 0 stats sfn: 512.0, cumulated bad DCI 0
    DL harq: 30/1
    Ul harq: 270/0 avg code rate 0.7, avg bit/symbol 2.0, avg per TB: (nb RBs 5.0, nb symbols 13.0)
[0m[NR_MAC]   UE 0 stats sfn: 640.0, cumulated bad DCI 0
    DL harq: 32/1
    Ul harq: 284/0 avg code rate 0.7, avg bit/symbol 2.0, avg per TB: (nb RBs 5.0, nb symbols 13.0)
[0m[NR_MAC]   UE 0 stats sfn: 768.0, cumulated bad DCI 0
    DL harq: 33/1
    Ul harq: 297/0 avg code rate 0.7, avg bit/symbol 2.0, avg per TB: (nb RBs 5.0, nb symbols 13.0)
[0m[NR_MAC]   UE 0 stats sfn: 896.0, cumulated bad DCI 0
    DL harq: 34/1
    Ul harq: 310/0 avg code rate 0.7, avg bit/symbol 2.0, avg per TB: (nb RBs 5.0, nb symbols 13.0)
[0m[NR_MAC]   UE 0 stats sfn: 0.0, cumulated bad DCI 0
    DL harq: 35/1
    Ul harq: 322/0 avg code rate 0.7, avg bit/symbol 2.0, avg per TB: (nb RBs 5.0, nb symbols 13.0)
[0m[NR_MAC]   UE 0 stats sfn: 128.0, cumulated bad DCI 0
    DL harq: 37/1
    Ul harq: 335/0 avg code rate 0.7, avg bit/symbol 2.0, avg per TB: (nb RBs 5.0, nb symbols 13.0)
[0m[NR_MAC]   UE 0 stats sfn: 256.0, cumulated bad DCI 0
    DL harq: 38/1
    Ul harq: 348/0 avg code rate 0.7, avg bit/symbol 2.0, avg per TB: (nb RBs 5.0, nb symbols 13.0)
[0m[NR_MAC]   UE 0 stats sfn: 384.0, cumulated bad DCI 0
    DL harq: 39/1
    Ul harq: 361/0 avg code rate 0.7, avg bit/symbol 2.0, avg per TB: (nb RBs 5.0, nb symbols 13.0)
[0m[NR_MAC]   UE 0 stats sfn: 512.0, cumulated bad DCI 0
    DL harq: 41/1
    Ul harq: 374/0 avg code rate 0.7, avg bit/symbol 2.0, avg per TB: (nb RBs 5.0, nb symbols 13.0)
[0m[NR_MAC]   UE 0 stats sfn: 640.0, cumulated bad DCI 0
    DL harq: 42/1
    Ul harq: 386/0 avg code rate 0.7, avg bit/symbol 2.0, avg per TB: (nb RBs 5.0, nb symbols 13.0)
[0m[NR_MAC]   UE 0 stats sfn: 768.0, cumulated bad DCI 0
    DL harq: 43/1
    Ul harq: 400/0 avg code rate 0.7, avg bit/symbol 2.0, avg per TB: (nb RBs 5.0, nb symbols 13.0)
[0m[NR_MAC]   UE 0 stats sfn: 896.0, cumulated bad DCI 0
    DL harq: 44/1
    Ul harq: 413/0 avg code rate 0.7, avg bit/symbol 2.0, avg per TB: (nb RBs 5.0, nb symbols 13.0)
[0m[NR_MAC]   UE 0 stats sfn: 0.0, cumulated bad DCI 0
    DL harq: 46/1
    Ul harq: 426/0 avg code rate 0.7, avg bit/symbol 2.0, avg per TB: (nb RBs 5.0, nb symbols 13.0)
[0m[NR_MAC]   UE 0 stats sfn: 128.0, cumulated bad DCI 0
    DL harq: 47/1
    Ul harq: 439/0 avg code rate 0.7, avg bit/symbol 2.0, avg per TB: (nb RBs 5.0, nb symbols 13.0)
[0m[NR_MAC]   UE 0 stats sfn: 256.0, cumulated bad DCI 0
    DL harq: 48/1
    Ul harq: 452/0 avg code rate 0.7, avg bit/symbol 2.0, avg per TB: (nb RBs 5.0, nb symbols 13.0)
[0m[NR_MAC]   UE 0 stats sfn: 384.0, cumulated bad DCI 0
    DL harq: 49/1
    Ul harq: 465/0 avg code rate 0.7, avg bit/symbol 2.0, avg per TB: (nb RBs 5.0, nb symbols 13.0)
[0m[NR_MAC]   UE 0 stats sfn: 512.0, cumulated bad DCI 0
    DL harq: 51/1
    Ul harq: 478/0 avg code rate 0.7, avg bit/symbol 2.0, avg per TB: (nb RBs 5.0, nb symbols 13.0)
[0m[NR_MAC]   UE 0 stats sfn: 640.0, cumulated bad DCI 0
    DL harq: 52/1
    Ul harq: 491/0 avg code rate 0.7, avg bit/symbol 2.0, avg per TB: (nb RBs 5.0, nb symbols 13.0)
[0m[NR_MAC]   UE 0 stats sfn: 768.0, cumulated bad DCI 0
    DL harq: 53/1
    Ul harq: 505/0 avg code rate 0.7, avg bit/symbol 2.0, avg per TB: (nb RBs 5.0, nb symbols 13.0)
[0m[NR_MAC]   UE 0 stats sfn: 896.0, cumulated bad DCI 0
    DL harq: 55/1
    Ul harq: 517/0 avg code rate 0.7, avg bit/symbol 2.0, avg per TB: (nb RBs 5.0, nb symbols 13.0)
[0m[NR_MAC]   UE 0 stats sfn: 0.0, cumulated bad DCI 0
    DL harq: 56/1
    Ul harq: 530/0 avg code rate 0.7, avg bit/symbol 2.0, avg per TB: (nb RBs 5.0, nb symbols 13.0)
[0m[NR_MAC]   UE 0 stats sfn: 128.0, cumulated bad DCI 0
    DL harq: 57/1
    Ul harq: 544/0 avg code rate 0.7, avg bit/symbol 2.0, avg per TB: (nb RBs 5.0, nb symbols 13.0)
[0m[NR_MAC]   UE 0 stats sfn: 256.0, cumulated bad DCI 0
    DL harq: 58/1
    Ul harq: 557/0 avg code rate 0.7, avg bit/symbol 2.0, avg per TB: (nb RBs 5.0, nb symbols 13.0)
[0m[NR_MAC]   UE 0 stats sfn: 384.0, cumulated bad DCI 0
    DL harq: 60/1
    Ul harq: 570/0 avg code rate 0.7, avg bit/symbol 2.0, avg per TB: (nb RBs 5.0, nb symbols 13.0)
[0m[NR_MAC]   UE 0 stats sfn: 512.0, cumulated bad DCI 0
    DL harq: 61/1
    Ul harq: 582/0 avg code rate 0.7, avg bit/symbol 2.0, avg per TB: (nb RBs 5.0, nb symbols 13.0)
[0m[NR_MAC]   UE 0 stats sfn: 640.0, cumulated bad DCI 0
    DL harq: 62/1
    Ul harq: 596/0 avg code rate 0.7, avg bit/symbol 2.0, avg per TB: (nb RBs 5.0, nb symbols 13.0)
[0m[NR_MAC]   UE 0 stats sfn: 768.0, cumulated bad DCI 0
    DL harq: 64/1
    Ul harq: 609/0 avg code rate 0.7, avg bit/symbol 2.0, avg per TB: (nb RBs 5.0, nb symbols 13.0)
[0m[NR_MAC]   UE 0 stats sfn: 896.0, cumulated bad DCI 0
    DL harq: 65/1
    Ul harq: 623/0 avg code rate 0.7, avg bit/symbol 2.0, avg per TB: (nb RBs 5.0, nb symbols 13.0)
[0m[NR_MAC]   UE 0 stats sfn: 0.0, cumulated bad DCI 0
    DL harq: 66/1
    Ul harq: 636/0 avg code rate 0.7, avg bit/symbol 2.0, avg per TB: (nb RBs 5.0, nb symbols 13.0)
[0m[NR_MAC]   UE 0 stats sfn: 128.0, cumulated bad DCI 0
    DL harq: 67/1
    Ul harq: 648/0 avg code rate 0.7, avg bit/symbol 2.0, avg per TB: (nb RBs 5.0, nb symbols 13.0)
[0m[NR_MAC]   UE 0 stats sfn: 256.0, cumulated bad DCI 0
    DL harq: 69/1
    Ul harq: 661/0 avg code rate 0.7, avg bit/symbol 2.0, avg per TB: (nb RBs 5.0, nb symbols 13.0)
[0m[NR_MAC]   UE 0 stats sfn: 384.0, cumulated bad DCI 0
    DL harq: 70/1
    Ul harq: 675/0 avg code rate 0.7, avg bit/symbol 2.0, avg per TB: (nb RBs 5.0, nb symbols 13.0)
[0m[NR_MAC]   UE 0 stats sfn: 512.0, cumulated bad DCI 0
    DL harq: 71/1
    Ul harq: 688/0 avg code rate 0.7, avg bit/symbol 2.0, avg per TB: (nb RBs 5.0, nb symbols 13.0)
[0m[NR_MAC]   UE 0 stats sfn: 640.0, cumulated bad DCI 0
    DL harq: 73/1
    Ul harq: 701/0 avg code rate 0.7, avg bit/symbol 2.0, avg per TB: (nb RBs 5.0, nb symbols 13.0)
[0m[NR_MAC]   UE 0 stats sfn: 768.0, cumulated bad DCI 0
    DL harq: 74/1
    Ul harq: 714/0 avg code rate 0.7, avg bit/symbol 2.0, avg per TB: (nb RBs 5.0, nb symbols 13.0)
[0m[NR_MAC]   UE 0 stats sfn: 896.0, cumulated bad DCI 0
    DL harq: 75/1
    Ul harq: 727/0 avg code rate 0.7, avg bit/symbol 2.0, avg per TB: (nb RBs 5.0, nb symbols 13.0)
[0m[NR_MAC]   UE 0 stats sfn: 0.0, cumulated bad DCI 0
    DL harq: 76/1
    Ul harq: 741/0 avg code rate 0.7, avg bit/symbol 2.0, avg per TB: (nb RBs 5.0, nb symbols 13.0)
[0m[NR_MAC]   UE 0 stats sfn: 128.0, cumulated bad DCI 0
    DL harq: 78/1
    Ul harq: 754/0 avg code rate 0.7, avg bit/symbol 2.0, avg per TB: (nb RBs 5.0, nb symbols 13.0)
[0m[NR_MAC]   UE 0 stats sfn: 256.0, cumulated bad DCI 0
    DL harq: 79/1
    Ul harq: 769/0 avg code rate 0.7, avg bit/symbol 2.0, avg per TB: (nb RBs 5.0, nb symbols 13.0)
[0m[NR_MAC]   UE 0 stats sfn: 384.0, cumulated bad DCI 0
    DL harq: 80/1
    Ul harq: 783/0 avg code rate 0.7, avg bit/symbol 2.0, avg per TB: (nb RBs 5.0, nb symbols 13.0)
[0m[NR_MAC]   UE 0 stats sfn: 512.0, cumulated bad DCI 0
    DL harq: 81/1
    Ul harq: 796/0 avg code rate 0.7, avg bit/symbol 2.0, avg per TB: (nb RBs 5.0, nb symbols 13.0)
[0m[NR_MAC]   UE 0 stats sfn: 640.0, cumulated bad DCI 0
    DL harq: 83/1
    Ul harq: 810/0 avg code rate 0.7, avg bit/symbol 2.0, avg per TB: (nb RBs 5.0, nb symbols 13.0)
[0m[NR_MAC]   UE 0 stats sfn: 768.0, cumulated bad DCI 0
    DL harq: 84/1
    Ul harq: 823/0 avg code rate 0.7, avg bit/symbol 2.0, avg per TB: (nb RBs 5.0, nb symbols 13.0)
[0m[NR_MAC]   UE 0 stats sfn: 896.0, cumulated bad DCI 0
    DL harq: 85/1
    Ul harq: 836/0 avg code rate 0.7, avg bit/symbol 2.0, avg per TB: (nb RBs 5.0, nb symbols 13.0)
[0m[NR_MAC]   UE 0 stats sfn: 0.0, cumulated bad DCI 0
    DL harq: 87/1
    Ul harq: 848/0 avg code rate 0.7, avg bit/symbol 2.0, avg per TB: (nb RBs 5.0, nb symbols 13.0)
[0m[NR_MAC]   UE 0 stats sfn: 128.0, cumulated bad DCI 0
    DL harq: 88/1
    Ul harq: 862/0 avg code rate 0.7, avg bit/symbol 2.0, avg per TB: (nb RBs 5.0, nb symbols 13.0)
[0m[NR_MAC]   UE 0 stats sfn: 256.0, cumulated bad DCI 0
    DL harq: 89/1
    Ul harq: 875/0 avg code rate 0.7, avg bit/symbol 2.0, avg per TB: (nb RBs 5.0, nb symbols 13.0)
[0m[NR_MAC]   UE 0 stats sfn: 384.0, cumulated bad DCI 0
    DL harq: 90/1
    Ul harq: 889/0 avg code rate 0.7, avg bit/symbol 2.0, avg per TB: (nb RBs 5.0, nb symbols 13.0)
[0m[NR_MAC]   UE 0 stats sfn: 512.0, cumulated bad DCI 0
    DL harq: 92/1
    Ul harq: 902/0 avg code rate 0.7, avg bit/symbol 2.0, avg per TB: (nb RBs 5.0, nb symbols 13.0)
[0m[NR_MAC]   UE 0 stats sfn: 640.0, cumulated bad DCI 0
    DL harq: 93/1
    Ul harq: 916/0 avg code rate 0.7, avg bit/symbol 2.0, avg per TB: (nb RBs 5.0, nb symbols 13.0)
[0m[NR_MAC]   UE 0 stats sfn: 768.0, cumulated bad DCI 0
    DL harq: 94/1
    Ul harq: 929/0 avg code rate 0.7, avg bit/symbol 2.0, avg per TB: (nb RBs 5.0, nb symbols 13.0)
[0m[NR_MAC]   UE 0 stats sfn: 896.0, cumulated bad DCI 0
    DL harq: 96/1
    Ul harq: 942/0 avg code rate 0.7, avg bit/symbol 2.0, avg per TB: (nb RBs 5.0, nb symbols 13.0)
[0m[NR_MAC]   UE 0 stats sfn: 0.0, cumulated bad DCI 0
    DL harq: 97/1
    Ul harq: 955/0 avg code rate 0.7, avg bit/symbol 2.0, avg per TB: (nb RBs 5.0, nb symbols 13.0)
[0m[NR_MAC]   UE 0 stats sfn: 128.0, cumulated bad DCI 0
    DL harq: 98/1
    Ul harq: 968/0 avg code rate 0.7, avg bit/symbol 2.0, avg per TB: (nb RBs 5.0, nb symbols 13.0)
[0m[NR_MAC]   UE 0 stats sfn: 256.0, cumulated bad DCI 0
    DL harq: 99/1
    Ul harq: 982/0 avg code rate 0.7, avg bit/symbol 2.0, avg per TB: (nb RBs 5.0, nb symbols 13.0)
[0m[NR_MAC]   UE 0 stats sfn: 384.0, cumulated bad DCI 0
    DL harq: 101/1
    Ul harq: 995/0 avg code rate 0.7, avg bit/symbol 2.0, avg per TB: (nb RBs 5.0, nb symbols 13.0)
[0m[NR_MAC]   UE 0 stats sfn: 512.0, cumulated bad DCI 0
    DL harq: 102/1
    Ul harq: 1008/0 avg code rate 0.7, avg bit/symbol 2.0, avg per TB: (nb RBs 5.0, nb symbols 13.0)
[0m[NR_MAC]   UE 0 stats sfn: 640.0, cumulated bad DCI 0
    DL harq: 103/1
    Ul harq: 1022/0 avg code rate 0.7, avg bit/symbol 2.0, avg per TB: (nb RBs 5.0, nb symbols 13.0)
[0m[NR_MAC]   UE 0 stats sfn: 768.0, cumulated bad DCI 0
    DL harq: 105/1
    Ul harq: 1035/0 avg code rate 0.7, avg bit/symbol 2.0, avg per TB: (nb RBs 5.0, nb symbols 13.0)
[0m[NR_MAC]   UE 0 stats sfn: 896.0, cumulated bad DCI 0
    DL harq: 106/1
    Ul harq: 1047/0 avg code rate 0.7, avg bit/symbol 2.0, avg per TB: (nb RBs 5.0, nb symbols 13.0)
[0m[NR_MAC]   UE 0 stats sfn: 0.0, cumulated bad DCI 0
    DL harq: 107/1
    Ul harq: 1061/0 avg code rate 0.7, avg bit/symbol 2.0, avg per TB: (nb RBs 5.0, nb symbols 13.0)
[0m[NR_MAC]   UE 0 stats sfn: 128.0, cumulated bad DCI 0
    DL harq: 108/1
    Ul harq: 1075/0 avg code rate 0.7, avg bit/symbol 2.0, avg per TB: (nb RBs 5.0, nb symbols 13.0)
[0m[NR_MAC]   UE 0 stats sfn: 256.0, cumulated bad DCI 0
    DL harq: 110/1
    Ul harq: 1088/0 avg code rate 0.7, avg bit/symbol 2.0, avg per TB: (nb RBs 5.0, nb symbols 13.0)
[0m[NR_MAC]   UE 0 stats sfn: 384.0, cumulated bad DCI 0
    DL harq: 111/1
    Ul harq: 1102/0 avg code rate 0.7, avg bit/symbol 2.0, avg per TB: (nb RBs 5.0, nb symbols 13.0)
[0m[NR_MAC]   UE 0 stats sfn: 512.0, cumulated bad DCI 0
    DL harq: 112/1
    Ul harq: 1114/0 avg code rate 0.7, avg bit/symbol 2.0, avg per TB: (nb RBs 5.0, nb symbols 13.0)
[0m[NR_MAC]   UE 0 stats sfn: 640.0, cumulated bad DCI 0
    DL harq: 113/1
    Ul harq: 1127/0 avg code rate 0.7, avg bit/symbol 2.0, avg per TB: (nb RBs 5.0, nb symbols 13.0)
[0m[NR_MAC]   UE 0 stats sfn: 768.0, cumulated bad DCI 0
    DL harq: 115/1
    Ul harq: 1141/0 avg code rate 0.7, avg bit/symbol 2.0, avg per TB: (nb RBs 5.0, nb symbols 13.0)
[0m[NR_MAC]   UE 0 stats sfn: 896.0, cumulated bad DCI 0
    DL harq: 116/1
    Ul harq: 1156/0 avg code rate 0.7, avg bit/symbol 2.0, avg per TB: (nb RBs 5.0, nb symbols 13.0)
[0m[NR_MAC]   UE 0 stats sfn: 0.0, cumulated bad DCI 0
    DL harq: 117/1
    Ul harq: 1169/0 avg code rate 0.7, avg bit/symbol 2.0, avg per TB: (nb RBs 5.0, nb symbols 13.0)
[0m[NR_MAC]   UE 0 stats sfn: 128.0, cumulated bad DCI 0
    DL harq: 119/1
    Ul harq: 1181/0 avg code rate 0.7, avg bit/symbol 2.0, avg per TB: (nb RBs 5.0, nb symbols 13.0)
[0m[NR_MAC]   UE 0 stats sfn: 256.0, cumulated bad DCI 0
    DL harq: 120/1
    Ul harq: 1194/0 avg code rate 0.7, avg bit/symbol 2.0, avg per TB: (nb RBs 5.0, nb symbols 13.0)
[0m[NR_MAC]   UE 0 stats sfn: 384.0, cumulated bad DCI 0
    DL harq: 121/1
    Ul harq: 1208/0 avg code rate 0.7, avg bit/symbol 2.0, avg per TB: (nb RBs 5.0, nb symbols 13.0)
[0m[NR_MAC]   UE 0 stats sfn: 512.0, cumulated bad DCI 0
    DL harq: 122/1
    Ul harq: 1222/0 avg code rate 0.7, avg bit/symbol 2.0, avg per TB: (nb RBs 5.0, nb symbols 13.0)
[0m[NR_MAC]   UE 0 stats sfn: 640.0, cumulated bad DCI 0
    DL harq: 124/1
    Ul harq: 1235/0 avg code rate 0.7, avg bit/symbol 2.0, avg per TB: (nb RBs 5.0, nb symbols 13.0)
[0m[NR_MAC]   UE 0 stats sfn: 768.0, cumulated bad DCI 0
    DL harq: 125/1
    Ul harq: 1247/0 avg code rate 0.7, avg bit/symbol 2.0, avg per TB: (nb RBs 5.0, nb symbols 13.0)
[0m[NR_MAC]   UE 0 stats sfn: 896.0, cumulated bad DCI 0
    DL harq: 126/1
    Ul harq: 1261/0 avg code rate 0.7, avg bit/symbol 2.0, avg per TB: (nb RBs 5.0, nb symbols 13.0)
[0m[NR_MAC]   UE 0 stats sfn: 0.0, cumulated bad DCI 0
    DL harq: 128/1
    Ul harq: 1274/0 avg code rate 0.7, avg bit/symbol 2.0, avg per TB: (nb RBs 5.0, nb symbols 13.0)
[0m[NR_MAC]   UE 0 stats sfn: 128.0, cumulated bad DCI 0
    DL harq: 129/1
    Ul harq: 1288/0 avg code rate 0.7, avg bit/symbol 2.0, avg per TB: (nb RBs 5.0, nb symbols 13.0)
[0m[NR_MAC]   UE 0 stats sfn: 256.0, cumulated bad DCI 0
    DL harq: 130/1
    Ul harq: 1301/0 avg code rate 0.7, avg bit/symbol 2.0, avg per TB: (nb RBs 5.0, nb symbols 13.0)
[0m[NR_MAC]   UE 0 stats sfn: 384.0, cumulated bad DCI 0
    DL harq: 131/1
    Ul harq: 1313/0 avg code rate 0.7, avg bit/symbol 2.0, avg per TB: (nb RBs 5.0, nb symbols 13.0)
[0m[NR_MAC]   UE 0 stats sfn: 512.0, cumulated bad DCI 0
    DL harq: 133/1
    Ul harq: 1327/0 avg code rate 0.7, avg bit/symbol 2.0, avg per TB: (nb RBs 5.0, nb symbols 13.0)
[0m[NR_MAC]   UE 0 stats sfn: 640.0, cumulated bad DCI 0
    DL harq: 134/1
    Ul harq: 1342/0 avg code rate 0.7, avg bit/symbol 2.0, avg per TB: (nb RBs 5.0, nb symbols 13.0)
[0m[NR_MAC]   UE 0 stats sfn: 768.0, cumulated bad DCI 0
    DL harq: 135/1
    Ul harq: 1356/0 avg code rate 0.7, avg bit/symbol 2.0, avg per TB: (nb RBs 5.0, nb symbols 13.0)
[0m[NR_MAC]   UE 0 stats sfn: 896.0, cumulated bad DCI 0
    DL harq: 137/1
    Ul harq: 1369/0 avg code rate 0.7, avg bit/symbol 2.0, avg per TB: (nb RBs 5.0, nb symbols 13.0)
[0m[NR_MAC]   UE 0 stats sfn: 0.0, cumulated bad DCI 0
    DL harq: 138/1
    Ul harq: 1382/0 avg code rate 0.7, avg bit/symbol 2.0, avg per TB: (nb RBs 5.0, nb symbols 13.0)
[0m[NR_MAC]   UE 0 stats sfn: 128.0, cumulated bad DCI 0
    DL harq: 139/1
    Ul harq: 1395/0 avg code rate 0.7, avg bit/symbol 2.0, avg per TB: (nb RBs 5.0, nb symbols 13.0)
[0m[NR_MAC]   UE 0 stats sfn: 256.0, cumulated bad DCI 0
    DL harq: 140/1
    Ul harq: 1408/0 avg code rate 0.7, avg bit/symbol 2.0, avg per TB: (nb RBs 5.0, nb symbols 13.0)
[0m[NR_MAC]   UE 0 stats sfn: 384.0, cumulated bad DCI 0
    DL harq: 142/1
    Ul harq: 1421/0 avg code rate 0.7, avg bit/symbol 2.0, avg per TB: (nb RBs 5.0, nb symbols 13.0)
[0m[NR_MAC]   UE 0 stats sfn: 512.0, cumulated bad DCI 0
    DL harq: 143/1
    Ul harq: 1434/0 avg code rate 0.7, avg bit/symbol 2.0, avg per TB: (nb RBs 5.0, nb symbols 13.0)
[0m[NR_MAC]   UE 0 stats sfn: 640.0, cumulated bad DCI 0
    DL harq: 144/1
    Ul harq: 1447/0 avg code rate 0.7, avg bit/symbol 2.0, avg per TB: (nb RBs 5.0, nb symbols 13.0)
[0m[NR_MAC]   UE 0 stats sfn: 768.0, cumulated bad DCI 0
    DL harq: 145/1
    Ul harq: 1460/0 avg code rate 0.7, avg bit/symbol 2.0, avg per TB: (nb RBs 5.0, nb symbols 13.0)
[0m[NR_MAC]   UE 0 stats sfn: 896.0, cumulated bad DCI 0
    DL harq: 147/1
    Ul harq: 1473/0 avg code rate 0.7, avg bit/symbol 2.0, avg per TB: (nb RBs 5.0, nb symbols 13.0)
[0m[NR_MAC]   UE 0 stats sfn: 0.0, cumulated bad DCI 0
    DL harq: 148/1
    Ul harq: 1486/0 avg code rate 0.7, avg bit/symbol 2.0, avg per TB: (nb RBs 5.0, nb symbols 13.0)
[0m[NR_MAC]   UE 0 stats sfn: 128.0, cumulated bad DCI 0
    DL harq: 149/1
    Ul harq: 1499/0 avg code rate 0.7, avg bit/symbol 2.0, avg per TB: (nb RBs 5.0, nb symbols 13.0)
[0m[NR_MAC]   UE 0 stats sfn: 256.0, cumulated bad DCI 0
    DL harq: 151/1
    Ul harq: 1511/0 avg code rate 0.7, avg bit/symbol 2.0, avg per TB: (nb RBs 5.0, nb symbols 13.0)
[0m[NR_MAC]   UE 0 stats sfn: 384.0, cumulated bad DCI 0
    DL harq: 152/1
    Ul harq: 1524/0 avg code rate 0.7, avg bit/symbol 2.0, avg per TB: (nb RBs 5.0, nb symbols 13.0)
[0m[NR_MAC]   UE 0 stats sfn: 512.0, cumulated bad DCI 0
    DL harq: 153/1
    Ul harq: 1537/0 avg code rate 0.7, avg bit/symbol 2.0, avg per TB: (nb RBs 5.0, nb symbols 13.0)
[0m[NR_MAC]   UE 0 stats sfn: 640.0, cumulated bad DCI 0
    DL harq: 154/1
    Ul harq: 1551/0 avg code rate 0.7, avg bit/symbol 2.0, avg per TB: (nb RBs 5.0, nb symbols 13.0)
[0m[NR_MAC]   UE 0 stats sfn: 768.0, cumulated bad DCI 0
    DL harq: 156/1
    Ul harq: 1564/0 avg code rate 0.7, avg bit/symbol 2.0, avg per TB: (nb RBs 5.0, nb symbols 13.0)
[0m[NR_MAC]   UE 0 stats sfn: 896.0, cumulated bad DCI 0
    DL harq: 157/1
    Ul harq: 1576/0 avg code rate 0.7, avg bit/symbol 2.0, avg per TB: (nb RBs 5.0, nb symbols 13.0)
[0m[NR_MAC]   UE 0 stats sfn: 0.0, cumulated bad DCI 0
    DL harq: 158/1
    Ul harq: 1589/0 avg code rate 0.7, avg bit/symbol 2.0, avg per TB: (nb RBs 5.0, nb symbols 13.0)
[0m[NR_MAC]   UE 0 stats sfn: 128.0, cumulated bad DCI 0
    DL harq: 160/1
    Ul harq: 1603/0 avg code rate 0.7, avg bit/symbol 2.0, avg per TB: (nb RBs 5.0, nb symbols 13.0)
[0m[NR_MAC]   UE 0 stats sfn: 256.0, cumulated bad DCI 0
    DL harq: 161/1
    Ul harq: 1617/0 avg code rate 0.7, avg bit/symbol 2.0, avg per TB: (nb RBs 5.0, nb symbols 13.0)
[0m[NR_MAC]   UE 0 stats sfn: 384.0, cumulated bad DCI 0
    DL harq: 162/1
    Ul harq: 1630/0 avg code rate 0.7, avg bit/symbol 2.0, avg per TB: (nb RBs 5.0, nb symbols 13.0)
[0m[NR_MAC]   UE 0 stats sfn: 512.0, cumulated bad DCI 0
    DL harq: 163/1
    Ul harq: 1642/0 avg code rate 0.7, avg bit/symbol 2.0, avg per TB: (nb RBs 5.0, nb symbols 13.0)
[0m[NR_MAC]   UE 0 stats sfn: 640.0, cumulated bad DCI 0
    DL harq: 165/1
    Ul harq: 1655/0 avg code rate 0.7, avg bit/symbol 2.0, avg per TB: (nb RBs 5.0, nb symbols 13.0)
[0m[NR_MAC]   UE 0 stats sfn: 768.0, cumulated bad DCI 0
    DL harq: 166/1
    Ul harq: 1668/0 avg code rate 0.7, avg bit/symbol 2.0, avg per TB: (nb RBs 5.0, nb symbols 13.0)
[0m[NR_MAC]   UE 0 stats sfn: 896.0, cumulated bad DCI 0
    DL harq: 167/1
    Ul harq: 1683/0 avg code rate 0.7, avg bit/symbol 2.0, avg per TB: (nb RBs 5.0, nb symbols 13.0)
[0m[NR_MAC]   UE 0 stats sfn: 0.0, cumulated bad DCI 0
    DL harq: 169/1
    Ul harq: 1696/0 avg code rate 0.7, avg bit/symbol 2.0, avg per TB: (nb RBs 5.0, nb symbols 13.0)
[0m[NR_MAC]   UE 0 stats sfn: 128.0, cumulated bad DCI 0
    DL harq: 170/1
    Ul harq: 1708/0 avg code rate 0.7, avg bit/symbol 2.0, avg per TB: (nb RBs 5.0, nb symbols 13.0)
[0m[NR_MAC]   UE 0 stats sfn: 256.0, cumulated bad DCI 0
    DL harq: 171/1
    Ul harq: 1721/0 avg code rate 0.7, avg bit/symbol 2.0, avg per TB: (nb RBs 5.0, nb symbols 13.0)
[0m[NR_MAC]   UE 0 stats sfn: 384.0, cumulated bad DCI 0
    DL harq: 172/1
    Ul harq: 1734/0 avg code rate 0.7, avg bit/symbol 2.0, avg per TB: (nb RBs 5.0, nb symbols 13.0)
[0m[NR_MAC]   UE 0 stats sfn: 512.0, cumulated bad DCI 0
    DL harq: 174/1
    Ul harq: 1748/0 avg code rate 0.7, avg bit/symbol 2.0, avg per TB: (nb RBs 5.0, nb symbols 13.0)
[0m[NR_MAC]   UE 0 stats sfn: 640.0, cumulated bad DCI 0
    DL harq: 175/1
    Ul harq: 1761/0 avg code rate 0.7, avg bit/symbol 2.0, avg per TB: (nb RBs 5.0, nb symbols 13.0)
[0m[NR_MAC]   UE 0 stats sfn: 768.0, cumulated bad DCI 0
    DL harq: 176/1
    Ul harq: 1774/0 avg code rate 0.7, avg bit/symbol 2.0, avg per TB: (nb RBs 5.0, nb symbols 13.0)
[0m[NR_MAC]   UE 0 stats sfn: 896.0, cumulated bad DCI 0
    DL harq: 177/1
    Ul harq: 1787/0 avg code rate 0.7, avg bit/symbol 2.0, avg per TB: (nb RBs 5.0, nb symbols 13.0)
[0m[NR_MAC]   UE 0 stats sfn: 0.0, cumulated bad DCI 0
    DL harq: 179/1
    Ul harq: 1802/0 avg code rate 0.7, avg bit/symbol 2.0, avg per TB: (nb RBs 5.0, nb symbols 13.0)
[0m[NR_MAC]   UE 0 stats sfn: 128.0, cumulated bad DCI 0
    DL harq: 180/1
    Ul harq: 1815/0 avg code rate 0.7, avg bit/symbol 2.0, avg per TB: (nb RBs 5.0, nb symbols 13.0)
[0m[NR_MAC]   UE 0 stats sfn: 256.0, cumulated bad DCI 0
    DL harq: 181/1
    Ul harq: 1828/0 avg code rate 0.7, avg bit/symbol 2.0, avg per TB: (nb RBs 5.0, nb symbols 13.0)
[0m[NR_MAC]   UE 0 stats sfn: 384.0, cumulated bad DCI 0
    DL harq: 183/1
    Ul harq: 1840/0 avg code rate 0.7, avg bit/symbol 2.0, avg per TB: (nb RBs 5.0, nb symbols 13.0)
[0m[NR_MAC]   UE 0 stats sfn: 512.0, cumulated bad DCI 0
    DL harq: 184/1
    Ul harq: 1853/0 avg code rate 0.7, avg bit/symbol 2.0, avg per TB: (nb RBs 5.0, nb symbols 13.0)
[0m[NR_MAC]   UE 0 stats sfn: 640.0, cumulated bad DCI 0
    DL harq: 185/1
    Ul harq: 1866/0 avg code rate 0.7, avg bit/symbol 2.0, avg per TB: (nb RBs 5.0, nb symbols 13.0)
[0m[NR_MAC]   UE 0 stats sfn: 768.0, cumulated bad DCI 0
    DL harq: 186/1
    Ul harq: 1880/0 avg code rate 0.7, avg bit/symbol 2.0, avg per TB: (nb RBs 5.0, nb symbols 13.0)
[0m[NR_MAC]   UE 0 stats sfn: 896.0, cumulated bad DCI 0
    DL harq: 188/1
    Ul harq: 1894/0 avg code rate 0.7, avg bit/symbol 2.0, avg per TB: (nb RBs 5.0, nb symbols 13.0)
[0m[NR_MAC]   UE 0 stats sfn: 0.0, cumulated bad DCI 0
    DL harq: 189/1
    Ul harq: 1906/0 avg code rate 0.7, avg bit/symbol 2.0, avg per TB: (nb RBs 5.0, nb symbols 13.0)
[0m[NR_MAC]   UE 0 stats sfn: 128.0, cumulated bad DCI 0
    DL harq: 190/1
    Ul harq: 1919/0 avg code rate 0.7, avg bit/symbol 2.0, avg per TB: (nb RBs 5.0, nb symbols 13.0)
[0m[NR_MAC]   UE 0 stats sfn: 256.0, cumulated bad DCI 0
    DL harq: 192/1
    Ul harq: 1932/0 avg code rate 0.7, avg bit/symbol 2.0, avg per TB: (nb RBs 5.0, nb symbols 13.0)
[0m[NR_MAC]   UE 0 stats sfn: 384.0, cumulated bad DCI 0
    DL harq: 193/1
    Ul harq: 1946/0 avg code rate 0.7, avg bit/symbol 2.0, avg per TB: (nb RBs 5.0, nb symbols 13.0)
[0m[NR_MAC]   UE 0 stats sfn: 512.0, cumulated bad DCI 0
    DL harq: 194/1
    Ul harq: 1959/0 avg code rate 0.7, avg bit/symbol 2.0, avg per TB: (nb RBs 5.0, nb symbols 13.0)
[0m[NR_MAC]   UE 0 stats sfn: 640.0, cumulated bad DCI 0
    DL harq: 195/1
    Ul harq: 1972/0 avg code rate 0.7, avg bit/symbol 2.0, avg per TB: (nb RBs 5.0, nb symbols 13.0)
[0m[NR_MAC]   UE 0 stats sfn: 768.0, cumulated bad DCI 0
    DL harq: 197/1
    Ul harq: 1985/0 avg code rate 0.7, avg bit/symbol 2.0, avg per TB: (nb RBs 5.0, nb symbols 13.0)
[0m[NR_MAC]   UE 0 stats sfn: 896.0, cumulated bad DCI 0
    DL harq: 198/1
    Ul harq: 1998/0 avg code rate 0.7, avg bit/symbol 2.0, avg per TB: (nb RBs 5.0, nb symbols 13.0)
[0m[NR_MAC]   UE 0 stats sfn: 0.0, cumulated bad DCI 0
    DL harq: 199/1
    Ul harq: 2011/0 avg code rate 0.7, avg bit/symbol 2.0, avg per TB: (nb RBs 5.0, nb symbols 13.0)
[0m[NR_MAC]   UE 0 stats sfn: 128.0, cumulated bad DCI 0
    DL harq: 201/1
    Ul harq: 2024/0 avg code rate 0.7, avg bit/symbol 2.0, avg per TB: (nb RBs 5.0, nb symbols 13.0)
[0m[NR_MAC]   UE 0 stats sfn: 256.0, cumulated bad DCI 0
    DL harq: 202/1
    Ul harq: 2036/0 avg code rate 0.7, avg bit/symbol 2.0, avg per TB: (nb RBs 5.0, nb symbols 13.0)
[0m[NR_MAC]   UE 0 stats sfn: 384.0, cumulated bad DCI 0
    DL harq: 203/1
    Ul harq: 2050/0 avg code rate 0.7, avg bit/symbol 2.0, avg per TB: (nb RBs 5.0, nb symbols 13.0)
[0m[NR_MAC]   UE 0 stats sfn: 512.0, cumulated bad DCI 0
    DL harq: 204/1
    Ul harq: 2064/0 avg code rate 0.7, avg bit/symbol 2.0, avg per TB: (nb RBs 5.0, nb symbols 13.0)
[0m[NR_MAC]   UE 0 stats sfn: 640.0, cumulated bad DCI 0
    DL harq: 206/1
    Ul harq: 2079/0 avg code rate 0.7, avg bit/symbol 2.0, avg per TB: (nb RBs 5.0, nb symbols 13.0)
[0m[NR_MAC]   UE 0 stats sfn: 768.0, cumulated bad DCI 0
    DL harq: 207/1
    Ul harq: 2093/0 avg code rate 0.7, avg bit/symbol 2.0, avg per TB: (nb RBs 5.0, nb symbols 13.0)
[0m[NR_MAC]   UE 0 stats sfn: 896.0, cumulated bad DCI 0
    DL harq: 208/1
    Ul harq: 2107/0 avg code rate 0.7, avg bit/symbol 2.0, avg per TB: (nb RBs 5.0, nb symbols 13.0)
[0m[NR_MAC]   UE 0 stats sfn: 0.0, cumulated bad DCI 0
    DL harq: 209/1
    Ul harq: 2121/0 avg code rate 0.7, avg bit/symbol 2.0, avg per TB: (nb RBs 5.0, nb symbols 13.0)
[0m[NR_MAC]   UE 0 stats sfn: 128.0, cumulated bad DCI 0
    DL harq: 211/1
    Ul harq: 2134/0 avg code rate 0.7, avg bit/symbol 2.0, avg per TB: (nb RBs 5.0, nb symbols 13.0)
[0m[NR_MAC]   UE 0 stats sfn: 256.0, cumulated bad DCI 0
    DL harq: 212/1
    Ul harq: 2147/0 avg code rate 0.7, avg bit/symbol 2.0, avg per TB: (nb RBs 5.0, nb symbols 13.0)
[0m[NR_MAC]   UE 0 stats sfn: 384.0, cumulated bad DCI 0
    DL harq: 213/1
    Ul harq: 2160/0 avg code rate 0.7, avg bit/symbol 2.0, avg per TB: (nb RBs 5.0, nb symbols 13.0)
[0m[NR_MAC]   UE 0 stats sfn: 512.0, cumulated bad DCI 0
    DL harq: 215/1
    Ul harq: 2172/0 avg code rate 0.7, avg bit/symbol 2.0, avg per TB: (nb RBs 5.0, nb symbols 13.0)
[0m[NR_MAC]   UE 0 stats sfn: 640.0, cumulated bad DCI 0
    DL harq: 216/1
    Ul harq: 2185/0 avg code rate 0.7, avg bit/symbol 2.0, avg per TB: (nb RBs 5.0, nb symbols 13.0)
[0m[NR_MAC]   UE 0 stats sfn: 768.0, cumulated bad DCI 0
    DL harq: 217/1
    Ul harq: 2198/0 avg code rate 0.7, avg bit/symbol 2.0, avg per TB: (nb RBs 5.0, nb symbols 13.0)
[0m[NR_MAC]   UE 0 stats sfn: 896.0, cumulated bad DCI 0
    DL harq: 218/1
    Ul harq: 2212/0 avg code rate 0.7, avg bit/symbol 2.0, avg per TB: (nb RBs 5.0, nb symbols 13.0)
[0m[NR_MAC]   UE 0 stats sfn: 0.0, cumulated bad DCI 0
    DL harq: 220/1
    Ul harq: 2225/0 avg code rate 0.7, avg bit/symbol 2.0, avg per TB: (nb RBs 5.0, nb symbols 13.0)
[0m[NR_MAC]   UE 0 stats sfn: 128.0, cumulated bad DCI 0
    DL harq: 221/1
    Ul harq: 2238/0 avg code rate 0.7, avg bit/symbol 2.0, avg per TB: (nb RBs 5.0, nb symbols 13.0)
[0m[NR_MAC]   UE 0 stats sfn: 256.0, cumulated bad DCI 0
    DL harq: 222/1
    Ul harq: 2251/0 avg code rate 0.7, avg bit/symbol 2.0, avg per TB: (nb RBs 5.0, nb symbols 13.0)
[0m[NR_MAC]   UE 0 stats sfn: 384.0, cumulated bad DCI 0
    DL harq: 224/1
    Ul harq: 2264/0 avg code rate 0.7, avg bit/symbol 2.0, avg per TB: (nb RBs 5.0, nb symbols 13.0)
[0m[NR_MAC]   UE 0 stats sfn: 512.0, cumulated bad DCI 0
    DL harq: 225/1
    Ul harq: 2277/0 avg code rate 0.7, avg bit/symbol 2.0, avg per TB: (nb RBs 5.0, nb symbols 13.0)
[0m[NR_MAC]   UE 0 stats sfn: 640.0, cumulated bad DCI 0
    DL harq: 226/1
    Ul harq: 2291/0 avg code rate 0.7, avg bit/symbol 2.0, avg per TB: (nb RBs 5.0, nb symbols 13.0)
[0m[NR_MAC]   UE 0 stats sfn: 768.0, cumulated bad DCI 0
    DL harq: 227/1
    Ul harq: 2303/0 avg code rate 0.7, avg bit/symbol 2.0, avg per TB: (nb RBs 5.0, nb symbols 13.0)
[0m[NR_MAC]   UE 0 stats sfn: 896.0, cumulated bad DCI 0
    DL harq: 229/1
    Ul harq: 2316/0 avg code rate 0.7, avg bit/symbol 2.0, avg per TB: (nb RBs 5.0, nb symbols 13.0)
[0m[NR_MAC]   UE 0 stats sfn: 0.0, cumulated bad DCI 0
    DL harq: 230/1
    Ul harq: 2330/0 avg code rate 0.7, avg bit/symbol 2.0, avg per TB: (nb RBs 5.0, nb symbols 13.0)
[0m[NR_MAC]   UE 0 stats sfn: 128.0, cumulated bad DCI 0
    DL harq: 231/1
    Ul harq: 2343/0 avg code rate 0.7, avg bit/symbol 2.0, avg per TB: (nb RBs 5.0, nb symbols 13.0)
[0m[NR_MAC]   UE 0 stats sfn: 256.0, cumulated bad DCI 0
    DL harq: 233/1
    Ul harq: 2359/0 avg code rate 0.7, avg bit/symbol 2.0, avg per TB: (nb RBs 5.0, nb symbols 13.0)
[0m[NR_MAC]   UE 0 stats sfn: 384.0, cumulated bad DCI 0
    DL harq: 234/1
    Ul harq: 2371/0 avg code rate 0.7, avg bit/symbol 2.0, avg per TB: (nb RBs 5.0, nb symbols 13.0)
[0m[NR_MAC]   UE 0 stats sfn: 512.0, cumulated bad DCI 0
    DL harq: 235/1
    Ul harq: 2384/0 avg code rate 0.7, avg bit/symbol 2.0, avg per TB: (nb RBs 5.0, nb symbols 13.0)
[0m[NR_MAC]   UE 0 stats sfn: 640.0, cumulated bad DCI 0
    DL harq: 236/1
    Ul harq: 2397/0 avg code rate 0.7, avg bit/symbol 2.0, avg per TB: (nb RBs 5.0, nb symbols 13.0)
[0m[NR_MAC]   UE 0 stats sfn: 768.0, cumulated bad DCI 0
    DL harq: 238/1
    Ul harq: 2411/0 avg code rate 0.7, avg bit/symbol 2.0, avg per TB: (nb RBs 5.0, nb symbols 13.0)
[0m[NR_MAC]   UE 0 stats sfn: 896.0, cumulated bad DCI 0
    DL harq: 239/1
    Ul harq: 2424/0 avg code rate 0.7, avg bit/symbol 2.0, avg per TB: (nb RBs 5.0, nb symbols 13.0)
[0m[NR_MAC]   UE 0 stats sfn: 0.0, cumulated bad DCI 0
    DL harq: 240/1
    Ul harq: 2438/0 avg code rate 0.7, avg bit/symbol 2.0, avg per TB: (nb RBs 5.0, nb symbols 13.0)
[0m[NR_MAC]   UE 0 stats sfn: 128.0, cumulated bad DCI 0
    DL harq: 241/1
    Ul harq: 2453/0 avg code rate 0.7, avg bit/symbol 2.0, avg per TB: (nb RBs 5.0, nb symbols 13.0)
[0m[NR_MAC]   UE 0 stats sfn: 256.0, cumulated bad DCI 0
    DL harq: 243/1
    Ul harq: 2468/0 avg code rate 0.7, avg bit/symbol 2.0, avg per TB: (nb RBs 5.0, nb symbols 13.0)
[0m[NR_MAC]   UE 0 stats sfn: 384.0, cumulated bad DCI 0
    DL harq: 244/1
    Ul harq: 2481/0 avg code rate 0.7, avg bit/symbol 2.0, avg per TB: (nb RBs 5.0, nb symbols 13.0)
[0m[NR_MAC]   UE 0 stats sfn: 512.0, cumulated bad DCI 0
    DL harq: 245/1
    Ul harq: 2494/0 avg code rate 0.7, avg bit/symbol 2.0, avg per TB: (nb RBs 5.0, nb symbols 13.0)
[0m[NR_MAC]   UE 0 stats sfn: 640.0, cumulated bad DCI 0
    DL harq: 247/1
    Ul harq: 2506/0 avg code rate 0.7, avg bit/symbol 2.0, avg per TB: (nb RBs 5.0, nb symbols 13.0)
[0m[NR_MAC]   UE 0 stats sfn: 768.0, cumulated bad DCI 0
    DL harq: 248/1
    Ul harq: 2520/0 avg code rate 0.7, avg bit/symbol 2.0, avg per TB: (nb RBs 5.0, nb symbols 13.0)
[0m[NR_MAC]   UE 0 stats sfn: 896.0, cumulated bad DCI 0
    DL harq: 249/1
    Ul harq: 2534/0 avg code rate 0.7, avg bit/symbol 2.0, avg per TB: (nb RBs 5.0, nb symbols 13.0)
[0m[NR_MAC]   UE 0 stats sfn: 0.0, cumulated bad DCI 0
    DL harq: 250/1
    Ul harq: 2547/0 avg code rate 0.7, avg bit/symbol 2.0, avg per TB: (nb RBs 5.0, nb symbols 13.0)
[0m[NR_MAC]   UE 0 stats sfn: 128.0, cumulated bad DCI 0
    DL harq: 252/1
    Ul harq: 2560/0 avg code rate 0.7, avg bit/symbol 2.0, avg per TB: (nb RBs 5.0, nb symbols 13.0)
[0m[NR_MAC]   UE 0 stats sfn: 256.0, cumulated bad DCI 0
    DL harq: 253/1
    Ul harq: 2572/0 avg code rate 0.7, avg bit/symbol 2.0, avg per TB: (nb RBs 5.0, nb symbols 13.0)
[0m[NR_MAC]   UE 0 stats sfn: 384.0, cumulated bad DCI 0
    DL harq: 254/1
    Ul harq: 2587/0 avg code rate 0.7, avg bit/symbol 2.0, avg per TB: (nb RBs 5.0, nb symbols 13.0)
[0m[NR_MAC]   UE 0 stats sfn: 512.0, cumulated bad DCI 0
    DL harq: 256/1
    Ul harq: 2601/0 avg code rate 0.7, avg bit/symbol 2.0, avg per TB: (nb RBs 5.0, nb symbols 13.0)
[0m[NR_MAC]   UE 0 stats sfn: 640.0, cumulated bad DCI 0
    DL harq: 257/1
    Ul harq: 2614/0 avg code rate 0.7, avg bit/symbol 2.0, avg per TB: (nb RBs 5.0, nb symbols 13.0)
[0m[NR_MAC]   UE 0 stats sfn: 768.0, cumulated bad DCI 0
    DL harq: 258/1
    Ul harq: 2627/0 avg code rate 0.7, avg bit/symbol 2.0, avg per TB: (nb RBs 5.0, nb symbols 13.0)
[0m[NR_MAC]   UE 0 stats sfn: 896.0, cumulated bad DCI 0
    DL harq: 259/1
    Ul harq: 2639/0 avg code rate 0.7, avg bit/symbol 2.0, avg per TB: (nb RBs 5.0, nb symbols 13.0)
[0m[NR_MAC]   UE 0 stats sfn: 0.0, cumulated bad DCI 0
    DL harq: 261/1
    Ul harq: 2652/0 avg code rate 0.7, avg bit/symbol 2.0, avg per TB: (nb RBs 5.0, nb symbols 13.0)
[0m[NR_MAC]   UE 0 stats sfn: 128.0, cumulated bad DCI 0
    DL harq: 262/1
    Ul harq: 2666/0 avg code rate 0.7, avg bit/symbol 2.0, avg per TB: (nb RBs 5.0, nb symbols 13.0)
[0m[NR_MAC]   UE 0 stats sfn: 256.0, cumulated bad DCI 0
    DL harq: 263/1
    Ul harq: 2679/0 avg code rate 0.7, avg bit/symbol 2.0, avg per TB: (nb RBs 5.0, nb symbols 13.0)
[0m[NR_MAC]   UE 0 stats sfn: 384.0, cumulated bad DCI 0
    DL harq: 265/1
    Ul harq: 2693/0 avg code rate 0.7, avg bit/symbol 2.0, avg per TB: (nb RBs 5.0, nb symbols 13.0)
[0m[NR_MAC]   UE 0 stats sfn: 512.0, cumulated bad DCI 0
    DL harq: 266/1
    Ul harq: 2705/0 avg code rate 0.7, avg bit/symbol 2.0, avg per TB: (nb RBs 5.0, nb symbols 13.0)
[0m[NR_MAC]   UE 0 stats sfn: 640.0, cumulated bad DCI 0
    DL harq: 267/1
    Ul harq: 2718/0 avg code rate 0.7, avg bit/symbol 2.0, avg per TB: (nb RBs 5.0, nb symbols 13.0)
[0m[NR_MAC]   UE 0 stats sfn: 768.0, cumulated bad DCI 0
    DL harq: 268/1
    Ul harq: 2731/0 avg code rate 0.7, avg bit/symbol 2.0, avg per TB: (nb RBs 5.0, nb symbols 13.0)
[0m[NR_MAC]   UE 0 stats sfn: 896.0, cumulated bad DCI 0
    DL harq: 270/1
    Ul harq: 2744/0 avg code rate 0.7, avg bit/symbol 2.0, avg per TB: (nb RBs 5.0, nb symbols 13.0)
[0m[NR_MAC]   UE 0 stats sfn: 0.0, cumulated bad DCI 0
    DL harq: 271/1
    Ul harq: 2757/0 avg code rate 0.7, avg bit/symbol 2.0, avg per TB: (nb RBs 5.0, nb symbols 13.0)
[0m[NR_MAC]   UE 0 stats sfn: 128.0, cumulated bad DCI 0
    DL harq: 272/1
    Ul harq: 2769/0 avg code rate 0.7, avg bit/symbol 2.0, avg per TB: (nb RBs 5.0, nb symbols 13.0)
[0m[NR_MAC]   UE 0 stats sfn: 256.0, cumulated bad DCI 0
    DL harq: 273/1
    Ul harq: 2782/0 avg code rate 0.7, avg bit/symbol 2.0, avg per TB: (nb RBs 5.0, nb symbols 13.0)
[0m[NR_MAC]   UE 0 stats sfn: 384.0, cumulated bad DCI 0
    DL harq: 275/1
    Ul harq: 2795/0 avg code rate 0.7, avg bit/symbol 2.0, avg per TB: (nb RBs 5.0, nb symbols 13.0)
[0m[NR_MAC]   UE 0 stats sfn: 512.0, cumulated bad DCI 0
    DL harq: 276/1
    Ul harq: 2808/0 avg code rate 0.7, avg bit/symbol 2.0, avg per TB: (nb RBs 5.0, nb symbols 13.0)
[0m[NR_MAC]   UE 0 stats sfn: 640.0, cumulated bad DCI 0
    DL harq: 277/1
    Ul harq: 2822/0 avg code rate 0.7, avg bit/symbol 2.0, avg per TB: (nb RBs 5.0, nb symbols 13.0)
[0m[NR_MAC]   UE 0 stats sfn: 768.0, cumulated bad DCI 0
    DL harq: 279/1
    Ul harq: 2834/0 avg code rate 0.7, avg bit/symbol 2.0, avg per TB: (nb RBs 5.0, nb symbols 13.0)
[0m[NR_MAC]   UE 0 stats sfn: 896.0, cumulated bad DCI 0
    DL harq: 280/1
    Ul harq: 2848/0 avg code rate 0.7, avg bit/symbol 2.0, avg per TB: (nb RBs 5.0, nb symbols 13.0)
[0m[NR_MAC]   UE 0 stats sfn: 0.0, cumulated bad DCI 0
    DL harq: 281/1
    Ul harq: 2861/0 avg code rate 0.7, avg bit/symbol 2.0, avg per TB: (nb RBs 5.0, nb symbols 13.0)
[0m[NR_MAC]   UE 0 stats sfn: 128.0, cumulated bad DCI 0
    DL harq: 282/1
    Ul harq: 2874/0 avg code rate 0.7, avg bit/symbol 2.0, avg per TB: (nb RBs 5.0, nb symbols 13.0)
[0m[NR_MAC]   UE 0 stats sfn: 256.0, cumulated bad DCI 0
    DL harq: 284/1
    Ul harq: 2888/0 avg code rate 0.7, avg bit/symbol 2.0, avg per TB: (nb RBs 5.0, nb symbols 13.0)
[0m[NR_MAC]   UE 0 stats sfn: 384.0, cumulated bad DCI 0
    DL harq: 285/1
    Ul harq: 2900/0 avg code rate 0.7, avg bit/symbol 2.0, avg per TB: (nb RBs 5.0, nb symbols 13.0)
[0m[NR_MAC]   UE 0 stats sfn: 512.0, cumulated bad DCI 0
    DL harq: 286/1
    Ul harq: 2914/0 avg code rate 0.7, avg bit/symbol 2.0, avg per TB: (nb RBs 5.0, nb symbols 13.0)
[0m[NR_MAC]   UE 0 stats sfn: 640.0, cumulated bad DCI 0
    DL harq: 288/1
    Ul harq: 2928/0 avg code rate 0.7, avg bit/symbol 2.0, avg per TB: (nb RBs 5.0, nb symbols 13.0)
[0m[NR_MAC]   UE 0 stats sfn: 768.0, cumulated bad DCI 0
    DL harq: 289/1
    Ul harq: 2942/0 avg code rate 0.7, avg bit/symbol 2.0, avg per TB: (nb RBs 5.0, nb symbols 13.0)
[0m[NR_MAC]   UE 0 stats sfn: 896.0, cumulated bad DCI 0
    DL harq: 290/1
    Ul harq: 2955/0 avg code rate 0.7, avg bit/symbol 2.0, avg per TB: (nb RBs 5.0, nb symbols 13.0)
[0m[NR_MAC]   UE 0 stats sfn: 0.0, cumulated bad DCI 0
    DL harq: 291/1
    Ul harq: 2967/0 avg code rate 0.7, avg bit/symbol 2.0, avg per TB: (nb RBs 5.0, nb symbols 13.0)
[0m[NR_MAC]   UE 0 stats sfn: 128.0, cumulated bad DCI 0
    DL harq: 293/1
    Ul harq: 2980/0 avg code rate 0.7, avg bit/symbol 2.0, avg per TB: (nb RBs 5.0, nb symbols 13.0)
[0m[NR_MAC]   UE 0 stats sfn: 256.0, cumulated bad DCI 0
    DL harq: 294/1
    Ul harq: 2995/0 avg code rate 0.7, avg bit/symbol 2.0, avg per TB: (nb RBs 5.0, nb symbols 13.0)
[0m[NR_MAC]   UE 0 stats sfn: 384.0, cumulated bad DCI 0
    DL harq: 295/1
    Ul harq: 3009/0 avg code rate 0.7, avg bit/symbol 2.0, avg per TB: (nb RBs 5.0, nb symbols 13.0)
[0m[NR_MAC]   UE 0 stats sfn: 512.0, cumulated bad DCI 0
    DL harq: 297/1
    Ul harq: 3022/0 avg code rate 0.7, avg bit/symbol 2.0, avg per TB: (nb RBs 5.0, nb symbols 13.0)
[0m[NR_MAC]   UE 0 stats sfn: 640.0, cumulated bad DCI 0
    DL harq: 298/1
    Ul harq: 3036/0 avg code rate 0.7, avg bit/symbol 2.0, avg per TB: (nb RBs 5.0, nb symbols 13.0)
[0m[NR_MAC]   UE 0 stats sfn: 768.0, cumulated bad DCI 0
    DL harq: 299/1
    Ul harq: 3050/0 avg code rate 0.7, avg bit/symbol 2.0, avg per TB: (nb RBs 5.0, nb symbols 13.0)
[0m[NR_MAC]   UE 0 stats sfn: 896.0, cumulated bad DCI 0
    DL harq: 300/1
    Ul harq: 3064/0 avg code rate 0.7, avg bit/symbol 2.0, avg per TB: (nb RBs 5.0, nb symbols 13.0)
[0m[NR_MAC]   UE 0 stats sfn: 0.0, cumulated bad DCI 0
    DL harq: 302/1
    Ul harq: 3077/0 avg code rate 0.7, avg bit/symbol 2.0, avg per TB: (nb RBs 5.0, nb symbols 13.0)
[0m[NR_MAC]   UE 0 stats sfn: 128.0, cumulated bad DCI 0
    DL harq: 303/1
    Ul harq: 3090/0 avg code rate 0.7, avg bit/symbol 2.0, avg per TB: (nb RBs 5.0, nb symbols 13.0)
[0m[NR_MAC]   UE 0 stats sfn: 256.0, cumulated bad DCI 0
    DL harq: 304/1
    Ul harq: 3102/0 avg code rate 0.7, avg bit/symbol 2.0, avg per TB: (nb RBs 5.0, nb symbols 13.0)
[0m[93m[HW]   Lost socket
[0mCMDLINE: "./ran_build/build/nr-uesoftmodem" "-O" "../targets/PROJECTS/GENERIC-NR-5GC/CONF/ue.conf" "--band" "254" "-C" "2488400000" "--CO" "-873500000" "-r" "25" "--numerology" "0" "--ssb" "60" "--rfsim" "--rfsimulator.prop_delay" "238.74" 
[CONFIG] function config_libconfig_init returned 0
UE threads created by 183315
TYPE <CTRL-C> TO TERMINATE
Initializing random number generator, seed 17913897904499137187
Entering ITTI signals handler
TYPE <CTRL-C> TO TERMINATE
